<?xml version="1.0" encoding="UTF-8"?>
<testng-results ignored="0" total="2" passed="2" failed="0" skipped="0">
  <reporter-output>
  </reporter-output>
  <suite started-at="2022-09-09T08:17:48 MSK" name="Surefire suite" finished-at="2022-09-09T08:17:48 MSK" duration-ms="110">
    <groups>
    </groups>
    <test started-at="2022-09-09T08:17:48 MSK" name="Surefire test" finished-at="2022-09-09T08:17:48 MSK" duration-ms="110">
      <class name="ManagerAfishaTest">
        <test-method signature="addFilmTest()[pri:0, instance:ManagerAfishaTest@68a4dcc6]" started-at="2022-09-09T08:17:48 MSK" name="addFilmTest" finished-at="2022-09-09T08:17:48 MSK" duration-ms="26" status="PASS">
          <reporter-output>
          </reporter-output>
        </test-method> <!-- addFilmTest -->
        <test-method signature="addingFilmTest()[pri:0, instance:ManagerAfishaTest@68a4dcc6]" started-at="2022-09-09T08:17:48 MSK" name="addingFilmTest" finished-at="2022-09-09T08:17:48 MSK" duration-ms="0" status="PASS">
          <reporter-output>
          </reporter-output>
        </test-method> <!-- addingFilmTest -->
      </class> <!-- ManagerAfishaTest -->
    </test> <!-- Surefire test -->
  </suite> <!-- Surefire suite -->
</testng-results>
